[2013-12-02 11:06:38] User_authenticatorTest::testAuthenticate.INFO: PASSED [] []
[2013-12-02 11:06:38] storageTest::testStorageKey.INFO: PASSED [] []
[2013-12-02 11:06:38] storageTest::testSetStorage.INFO: PASSED [] []
[2013-12-02 11:06:38] storageTest::testGetStorage.INFO: PASSED [] []
[2013-12-02 11:12:59] User_authenticatorTest::testAuthenticate.ALERT: SQLSTATE[42S02]: Base table or view not found: 1146 Table 'pegisis.pegisis_access' doesn't exist [] []
[2013-12-02 11:12:59] User_authenticatorTest::testAuthenticate.INFO: # ERROR # [] []
[2013-12-02 11:12:59] User_authenticatorTest::testAuthenticate.INFO: PASSED [] []
[2013-12-02 11:12:59] User_authenticatorTest::testAuthenticateWithAccessModel.ALERT: SQLSTATE[42S02]: Base table or view not found: 1146 Table 'pegisis.pegisis_access' doesn't exist [] []
[2013-12-02 11:12:59] User_authenticatorTest::testAuthenticateWithAccessModel.INFO: # ERROR # [] []
[2013-12-02 11:12:59] User_authenticatorTest::testAuthenticateWithAccessModel.INFO: PASSED [] []
[2013-12-02 11:13:00] storageTest::testStorageKey.INFO: PASSED [] []
[2013-12-02 11:13:00] storageTest::testSetStorage.INFO: PASSED [] []
[2013-12-02 11:13:00] storageTest::testGetStorage.INFO: PASSED [] []
[2013-12-02 11:26:30] User_authenticatorTest::testAuthenticate.INFO: PASSED [] []
[2013-12-02 11:26:31] User_authenticatorTest::testAuthenticateWithAccessModel.INFO: PASSED [] []
[2013-12-02 11:26:31] storageTest::testStorageKey.INFO: PASSED [] []
[2013-12-02 11:26:32] storageTest::testSetStorage.INFO: PASSED [] []
[2013-12-02 11:26:32] storageTest::testGetStorage.INFO: PASSED [] []
[2013-12-02 11:26:47] User_authenticatorTest::testAuthenticate.INFO: PASSED [] []
[2013-12-02 11:26:47] User_authenticatorTest::testAuthenticateWithAccessModel.INFO: PASSED [] []
[2013-12-02 11:26:48] storageTest::testStorageKey.INFO: PASSED [] []
[2013-12-02 11:26:48] storageTest::testSetStorage.INFO: PASSED [] []
[2013-12-02 11:26:49] storageTest::testGetStorage.INFO: PASSED [] []
[2013-12-02 11:36:23] User_authenticatorTest::testAuthenticate.INFO: PASSED [] []
[2013-12-02 11:36:23] User_authenticatorTest::testAuthenticateWithAccessModel.INFO: PASSED [] []
[2013-12-02 11:36:23] storageTest::testStorageKey.INFO: PASSED [] []
[2013-12-02 11:36:24] storageTest::testSetStorage.INFO: PASSED [] []
[2013-12-02 11:36:24] storageTest::testGetStorage.INFO: PASSED [] []
[2013-12-02 11:50:12] User_authenticatorTest::testAuthenticate.INFO: PASSED [] []
[2013-12-02 11:50:13] User_authenticatorTest::testAuthenticateWithAccessModel.INFO: PASSED [] []
[2013-12-02 11:50:32] User_authenticatorTest::testAuthenticate.INFO: PASSED [] []
[2013-12-02 11:50:32] User_authenticatorTest::testAuthenticateWithAccessModel.INFO: PASSED [] []
[2013-12-02 11:50:32] identityTest::testSetId.INFO: PASSED [] []
[2013-12-02 11:50:33] storageTest::testStorageKey.INFO: PASSED [] []
[2013-12-02 11:50:33] storageTest::testSetStorage.INFO: PASSED [] []
[2013-12-02 11:50:34] storageTest::testGetStorage.INFO: PASSED [] []
[2013-12-02 11:51:26] User_authenticatorTest::testAuthenticate.INFO: PASSED [] []
[2013-12-02 11:51:26] User_authenticatorTest::testAuthenticateWithAccessModel.INFO: PASSED [] []
[2013-12-02 11:51:27] identityTest::testSetId.INFO: PASSED [] []
[2013-12-02 11:51:34] User_authenticatorTest::testAuthenticate.INFO: PASSED [] []
[2013-12-02 11:51:35] User_authenticatorTest::testAuthenticateWithAccessModel.INFO: PASSED [] []
[2013-12-02 11:51:36] identityTest::testSetId.INFO: PASSED [] []
[2013-12-02 11:52:03] User_authenticatorTest::testAuthenticate.INFO: PASSED [] []
[2013-12-02 11:52:04] User_authenticatorTest::testAuthenticateWithAccessModel.INFO: PASSED [] []
[2013-12-02 11:52:05] identityTest::testSetId.INFO: PASSED [] []
[2013-12-02 11:52:05] identityTest::testCantSetIdTwice.ALERT: Failed asserting that Array (
    'user' => Array (
        'id' => 1
    )
) is false. [] []
[2013-12-02 11:52:05] identityTest::testCantSetIdTwice.INFO: # FAILED # [] []
[2013-12-02 11:52:05] identityTest::testCantSetIdTwice.INFO: PASSED [] []
[2013-12-02 11:52:05] storageTest::testStorageKey.INFO: PASSED [] []
[2013-12-02 11:52:05] storageTest::testSetStorage.INFO: PASSED [] []
[2013-12-02 11:52:06] storageTest::testGetStorage.INFO: PASSED [] []
[2013-12-02 11:56:13] User_authenticatorTest::testAuthenticate.INFO: PASSED [] []
[2013-12-02 11:56:14] User_authenticatorTest::testAuthenticateWithAccessModel.INFO: PASSED [] []
[2013-12-02 11:56:14] identityTest::testSetId.INFO: PASSED [] []
[2013-12-02 11:56:15] identityTest::testCantSetIdTwice.ALERT: Failed asserting that Array (
    'user' => Array (
        'id' => 1
    )
) is false. [] []
[2013-12-02 11:56:15] identityTest::testCantSetIdTwice.INFO: # FAILED # [] []
[2013-12-02 11:56:15] identityTest::testCantSetIdTwice.INFO: PASSED [] []
[2013-12-02 11:56:15] storageTest::testStorageKey.INFO: PASSED [] []
[2013-12-02 11:56:16] storageTest::testSetStorage.INFO: PASSED [] []
[2013-12-02 11:56:16] storageTest::testGetStorage.INFO: PASSED [] []
[2013-12-02 11:56:51] User_authenticatorTest::testAuthenticate.INFO: PASSED [] []
[2013-12-02 11:56:52] User_authenticatorTest::testAuthenticateWithAccessModel.INFO: PASSED [] []
[2013-12-02 11:56:52] identityTest::testSetId.INFO: PASSED [] []
[2013-12-02 11:56:53] identityTest::testCantSetIdTwice.ALERT: Failed asserting that null is false. [] []
[2013-12-02 11:56:53] identityTest::testCantSetIdTwice.INFO: # FAILED # [] []
[2013-12-02 11:56:53] identityTest::testCantSetIdTwice.INFO: PASSED [] []
[2013-12-02 11:56:53] storageTest::testStorageKey.INFO: PASSED [] []
[2013-12-02 11:56:53] storageTest::testSetStorage.ALERT: Failed asserting that a NULL is not empty. [] []
[2013-12-02 11:56:53] storageTest::testSetStorage.INFO: # FAILED # [] []
[2013-12-02 11:56:53] storageTest::testSetStorage.INFO: PASSED [] []
[2013-12-02 11:56:54] storageTest::testGetStorage.INFO: PASSED [] []
[2013-12-02 11:59:20] User_authenticatorTest::testAuthenticate.INFO: PASSED [] []
[2013-12-02 11:59:21] User_authenticatorTest::testAuthenticateWithAccessModel.INFO: PASSED [] []
[2013-12-02 11:59:21] identityTest::testSetId.INFO: PASSED [] []
[2013-12-02 11:59:21] identityTest::testCantSetIdTwice.ALERT: Failed asserting that Array (
    'user' => Array (
        'id' => 1
    )
) is false. [] []
[2013-12-02 11:59:21] identityTest::testCantSetIdTwice.INFO: # FAILED # [] []
[2013-12-02 11:59:21] identityTest::testCantSetIdTwice.INFO: PASSED [] []
[2013-12-02 11:59:22] storageTest::testStorageKey.INFO: PASSED [] []
[2013-12-02 11:59:22] storageTest::testSetStorage.INFO: PASSED [] []
[2013-12-02 11:59:22] storageTest::testGetStorage.INFO: PASSED [] []
[2013-12-02 12:00:11] User_authenticatorTest::testAuthenticate.INFO: PASSED [] []
[2013-12-02 12:00:11] User_authenticatorTest::testAuthenticateWithAccessModel.INFO: PASSED [] []
[2013-12-02 12:00:12] identityTest::testSetId.INFO: PASSED [] []
[2013-12-02 12:00:12] identityTest::testCantSetIdTwice.INFO: PASSED [] []
[2013-12-02 12:00:12] storageTest::testStorageKey.INFO: PASSED [] []
[2013-12-02 12:00:13] storageTest::testSetStorage.INFO: PASSED [] []
[2013-12-02 12:00:13] storageTest::testGetStorage.INFO: PASSED [] []
